This is pdfTeX, Version 3.1415926-1.40.10 (TeX Live 2009/Debian) (format=latex 2013.10.28)  15 JUL 2014 17:21
entering extended mode
 %&-line parsing enabled.
**Tesis.tex
(./Tesis.tex
LaTeX2e <2009/09/24>
Babel <v3.8l> and hyphenation patterns for english, usenglishmax, dumylang, noh
yphenation, loaded.
(/usr/share/texmf-texlive/tex/latex/base/book.cls
Document Class: book 2007/10/19 v1.4h Standard LaTeX document class
(/usr/share/texmf-texlive/tex/latex/base/bk10.clo
File: bk10.clo 2007/10/19 v1.4h Standard LaTeX file (size option)
)
\c@part=\count79
\c@chapter=\count80
\c@section=\count81
\c@subsection=\count82
\c@subsubsection=\count83
\c@paragraph=\count84
\c@subparagraph=\count85
\c@figure=\count86
\c@table=\count87
\abovecaptionskip=\skip41
\belowcaptionskip=\skip42
\bibindent=\dimen102
) (./Tesis.sty
Package: Tesis 
\c@theorem=\count88
\boxocultar=\box26
\boxocultarH=\box27

\@input{Tesis_pream.aux}
\openout2 = `Tesis_pream.aux'.

(./Tesis_pream.tex (/usr/share/texmf-texlive/tex/latex/amsfonts/amssymb.sty
Package: amssymb 2009/06/22 v3.00

(/usr/share/texmf-texlive/tex/latex/amsfonts/amsfonts.sty
Package: amsfonts 2009/06/22 v3.00 Basic AMSFonts support
\@emptytoks=\toks14
\symAMSa=\mathgroup4
\symAMSb=\mathgroup5
LaTeX Font Info:    Overwriting math alphabet `\mathfrak' in version `bold'
(Font)                  U/euf/m/n --> U/euf/b/n on input line 96.
))
(/usr/share/texmf-texlive/tex/latex/amsmath/amsmath.sty
Package: amsmath 2000/07/18 v2.13 AMS math features
\@mathmargin=\skip43

For additional information on amsmath, use the `?' option.
(/usr/share/texmf-texlive/tex/latex/amsmath/amstext.sty
Package: amstext 2000/06/29 v2.01

(/usr/share/texmf-texlive/tex/latex/amsmath/amsgen.sty
File: amsgen.sty 1999/11/30 v2.0
\@emptytoks=\toks15
\ex@=\dimen103
))
(/usr/share/texmf-texlive/tex/latex/amsmath/amsbsy.sty
Package: amsbsy 1999/11/29 v1.2d
\pmbraise@=\dimen104
)
(/usr/share/texmf-texlive/tex/latex/amsmath/amsopn.sty
Package: amsopn 1999/12/14 v2.01 operator names
)
\inf@bad=\count89
LaTeX Info: Redefining \frac on input line 211.
\uproot@=\count90
\leftroot@=\count91
LaTeX Info: Redefining \overline on input line 307.
\classnum@=\count92
\DOTSCASE@=\count93
LaTeX Info: Redefining \ldots on input line 379.
LaTeX Info: Redefining \dots on input line 382.
LaTeX Info: Redefining \cdots on input line 467.
\Mathstrutbox@=\box28
\strutbox@=\box29
\big@size=\dimen105
LaTeX Font Info:    Redeclaring font encoding OML on input line 567.
LaTeX Font Info:    Redeclaring font encoding OMS on input line 568.
\macc@depth=\count94
\c@MaxMatrixCols=\count95
\dotsspace@=\muskip10
\c@parentequation=\count96
\dspbrk@lvl=\count97
\tag@help=\toks16
\row@=\count98
\column@=\count99
\maxfields@=\count100
\andhelp@=\toks17
\eqnshift@=\dimen106
\alignsep@=\dimen107
\tagshift@=\dimen108
\tagwidth@=\dimen109
\totwidth@=\dimen110
\lineht@=\dimen111
\@envbody=\toks18
\multlinegap=\skip44
\multlinetaggap=\skip45
\mathdisplay@stack=\toks19
LaTeX Info: Redefining \[ on input line 2666.
LaTeX Info: Redefining \] on input line 2667.
)
(/usr/share/texmf-texlive/tex/latex/graphics/graphicx.sty
Package: graphicx 1999/02/16 v1.0f Enhanced LaTeX Graphics (DPC,SPQR)

(/usr/share/texmf-texlive/tex/latex/graphics/keyval.sty
Package: keyval 1999/03/16 v1.13 key=value parser (DPC)
\KV@toks@=\toks20
)
(/usr/share/texmf-texlive/tex/latex/graphics/graphics.sty
Package: graphics 2009/02/05 v1.0o Standard LaTeX Graphics (DPC,SPQR)

(/usr/share/texmf-texlive/tex/latex/graphics/trig.sty
Package: trig 1999/03/16 v1.09 sin cos tan (DPC)
)
(/etc/texmf/tex/latex/config/graphics.cfg
File: graphics.cfg 2009/08/28 v1.8 graphics configuration of TeX Live
)
Package graphics Info: Driver file: dvips.def on input line 91.

(/usr/share/texmf-texlive/tex/latex/graphics/dvips.def
File: dvips.def 1999/02/16 v3.0i Driver-dependant file (DPC,SPQR)
))
\Gin@req@height=\dimen112
\Gin@req@width=\dimen113
)
(/usr/share/texmf-texlive/tex/latex/subfigure/subfigure.sty
Package: subfigure 2002/03/15 v2.1.5 subfigure package
\subfigtopskip=\skip46
\subfigcapskip=\skip47
\subfigcaptopadj=\dimen114
\subfigbottomskip=\skip48
\subfigcapmargin=\dimen115
\subfiglabelskip=\skip49
\c@subfigure=\count101
\c@lofdepth=\count102
\c@subtable=\count103
\c@lotdepth=\count104

****************************************
* Local config file subfigure.cfg used *
****************************************
(/usr/share/texmf-texlive/tex/latex/subfigure/subfigure.cfg)
\subfig@top=\skip50
\subfig@bottom=\skip51
)
(/usr/share/texmf-texlive/tex/latex/psfrag/psfrag.sty
Package: psfrag 1998/04/11 v3.04 PSfrag (MCG)
\pfg@pcount=\count105
\pfg@scount=\count106
\pfg@temp=\write3
)
(/usr/share/texmf-texlive/tex/latex/graphics/epsfig.sty
Package: epsfig 1999/02/16 v1.7a (e)psfig emulation (SPQR)
\epsfxsize=\dimen116
\epsfysize=\dimen117
)
(/usr/share/texmf-texlive/tex/generic/babel/babel.sty
Package: babel 2008/07/06 v3.8l The Babel package

(/usr/share/texmf-texlive/tex/generic/babel/spanish.ldf
Language: spanish.ldf 2009/01/02 v5.0h Spanish support from the babel system

(/usr/share/texmf-texlive/tex/generic/babel/babel.def
File: babel.def 2008/07/06 v3.8l Babel common definitions
\babel@savecnt=\count107
\U@D=\dimen118
)

Package babel Warning: No hyphenation patterns were loaded for
(babel)                the language `Spanish'
(babel)                I will use the patterns loaded for \language=0 instead.

\l@spanish = a dialect from \language0
\es@datefmt=\count108
\es@quottoks=\toks21
\es@quotdepth=\count109
Package babel Info: Making " an active character on input line 492.
Package babel Info: Making . an active character on input line 585.
Package babel Info: Making < an active character on input line 630.
Package babel Info: Making > an active character on input line 630.
Package babel Info: Making ' an active character on input line 657.
)) (/usr/share/texmf-texlive/tex/latex/base/inputenc.sty
Package: inputenc 2008/03/30 v1.1d Input encoding file
\inpenc@prehook=\toks22
\inpenc@posthook=\toks23

(/usr/share/texmf-texlive/tex/latex/base/latin1.def
File: latin1.def 2008/03/30 v1.1d Input encoding file
))
(/usr/share/texmf-texlive/tex/latex/base/fontenc.sty
Package: fontenc 2005/09/27 v1.99g Standard LaTeX package

(/usr/share/texmf-texlive/tex/latex/base/t1enc.def
File: t1enc.def 2005/09/27 v1.99g Standard LaTeX file
LaTeX Font Info:    Redeclaring font encoding T1 on input line 43.
))
(/usr/share/texmf/tex/latex/lm/lmodern.sty
Package: lmodern 2009/10/30 v1.6 Latin Modern Fonts
LaTeX Font Info:    Overwriting symbol font `operators' in version `normal'
(Font)                  OT1/cmr/m/n --> OT1/lmr/m/n on input line 22.
LaTeX Font Info:    Overwriting symbol font `letters' in version `normal'
(Font)                  OML/cmm/m/it --> OML/lmm/m/it on input line 23.
LaTeX Font Info:    Overwriting symbol font `symbols' in version `normal'
(Font)                  OMS/cmsy/m/n --> OMS/lmsy/m/n on input line 24.
LaTeX Font Info:    Overwriting symbol font `largesymbols' in version `normal'
(Font)                  OMX/cmex/m/n --> OMX/lmex/m/n on input line 25.
LaTeX Font Info:    Overwriting symbol font `operators' in version `bold'
(Font)                  OT1/cmr/bx/n --> OT1/lmr/bx/n on input line 26.
LaTeX Font Info:    Overwriting symbol font `letters' in version `bold'
(Font)                  OML/cmm/b/it --> OML/lmm/b/it on input line 27.
LaTeX Font Info:    Overwriting symbol font `symbols' in version `bold'
(Font)                  OMS/cmsy/b/n --> OMS/lmsy/b/n on input line 28.
LaTeX Font Info:    Overwriting symbol font `largesymbols' in version `bold'
(Font)                  OMX/cmex/m/n --> OMX/lmex/m/n on input line 29.
LaTeX Font Info:    Overwriting math alphabet `\mathbf' in version `normal'
(Font)                  OT1/cmr/bx/n --> OT1/lmr/bx/n on input line 31.
LaTeX Font Info:    Overwriting math alphabet `\mathsf' in version `normal'
(Font)                  OT1/cmss/m/n --> OT1/lmss/m/n on input line 32.
LaTeX Font Info:    Overwriting math alphabet `\mathit' in version `normal'
(Font)                  OT1/cmr/m/it --> OT1/lmr/m/it on input line 33.
LaTeX Font Info:    Overwriting math alphabet `\mathtt' in version `normal'
(Font)                  OT1/cmtt/m/n --> OT1/lmtt/m/n on input line 34.
LaTeX Font Info:    Overwriting math alphabet `\mathbf' in version `bold'
(Font)                  OT1/cmr/bx/n --> OT1/lmr/bx/n on input line 35.
LaTeX Font Info:    Overwriting math alphabet `\mathsf' in version `bold'
(Font)                  OT1/cmss/bx/n --> OT1/lmss/bx/n on input line 36.
LaTeX Font Info:    Overwriting math alphabet `\mathit' in version `bold'
(Font)                  OT1/cmr/bx/it --> OT1/lmr/bx/it on input line 37.
LaTeX Font Info:    Overwriting math alphabet `\mathtt' in version `bold'
(Font)                  OT1/cmtt/m/n --> OT1/lmtt/m/n on input line 38.
)
(/usr/share/texmf-texlive/tex/latex/base/makeidx.sty
Package: makeidx 2000/03/29 v1.0m Standard LaTeX package
)
(/usr/share/texmf-texlive/tex/latex/wrapfig/wrapfig.sty
\wrapoverhang=\dimen119
\WF@size=\dimen120
\c@WF@wrappedlines=\count110
\WF@box=\box30
\WF@everypar=\toks24
Package: wrapfig 2003/01/31  v 3.6
)
(/usr/share/texmf-texlive/tex/latex/natbib/natbib.sty
Package: natbib 2009/07/16 8.31 (PWD, AO)
\bibhang=\skip52
\bibsep=\skip53
LaTeX Info: Redefining \cite on input line 694.
\c@NAT@ctr=\count111
)))
\@indexfile=\write4
\openout4 = `Tesis.idx'.


Writing index file Tesis.idx

LaTeX Warning: Unused global option(s):
    [12pts].

(./Tesis.aux)
\openout1 = `Tesis.aux'.

LaTeX Font Info:    Checking defaults for OML/cmm/m/it on input line 14.
LaTeX Font Info:    ... okay on input line 14.
LaTeX Font Info:    Checking defaults for T1/cmr/m/n on input line 14.
LaTeX Font Info:    ... okay on input line 14.
LaTeX Font Info:    Checking defaults for OT1/cmr/m/n on input line 14.
LaTeX Font Info:    ... okay on input line 14.
LaTeX Font Info:    Checking defaults for OMS/cmsy/m/n on input line 14.
LaTeX Font Info:    ... okay on input line 14.
LaTeX Font Info:    Checking defaults for OMX/cmex/m/n on input line 14.
LaTeX Font Info:    ... okay on input line 14.
LaTeX Font Info:    Checking defaults for U/cmr/m/n on input line 14.
LaTeX Font Info:    ... okay on input line 14.
LaTeX Font Info:    Try loading font information for T1+lmr on input line 14.
 (/usr/share/texmf/tex/latex/lm/t1lmr.fd
File: t1lmr.fd 2009/10/30 v1.6 Font defs for Latin Modern
) (./guionado.tex)
LaTeX Font Info:    Try loading font information for OT1+lmr on input line 16.

(/usr/share/texmf/tex/latex/lm/ot1lmr.fd
File: ot1lmr.fd 2009/10/30 v1.6 Font defs for Latin Modern
)
LaTeX Font Info:    Try loading font information for OML+lmm on input line 16.

(/usr/share/texmf/tex/latex/lm/omllmm.fd
File: omllmm.fd 2009/10/30 v1.6 Font defs for Latin Modern
)
LaTeX Font Info:    Try loading font information for OMS+lmsy on input line 16.


(/usr/share/texmf/tex/latex/lm/omslmsy.fd
File: omslmsy.fd 2009/10/30 v1.6 Font defs for Latin Modern
)
LaTeX Font Info:    Try loading font information for OMX+lmex on input line 16.


(/usr/share/texmf/tex/latex/lm/omxlmex.fd
File: omxlmex.fd 2009/10/30 v1.6 Font defs for Latin Modern
)
LaTeX Font Info:    External font `lmex10' loaded for size
(Font)              <12> on input line 16.
LaTeX Font Info:    External font `lmex10' loaded for size
(Font)              <8> on input line 16.
LaTeX Font Info:    External font `lmex10' loaded for size
(Font)              <6> on input line 16.
LaTeX Font Info:    Try loading font information for U+msa on input line 16.

(/usr/share/texmf-texlive/tex/latex/amsfonts/umsa.fd
File: umsa.fd 2009/06/22 v3.00 AMS symbols A
)
LaTeX Font Info:    Try loading font information for U+msb on input line 16.

(/usr/share/texmf-texlive/tex/latex/amsfonts/umsb.fd
File: umsb.fd 2009/06/22 v3.00 AMS symbols B
) [1




] (./Tesis.toc

LaTeX Font Warning: Font shape `T1/lmr/bx/sc' undefined
(Font)              using `T1/lmr/bx/n' instead on input line 2.


Package spanish Warning: Replacing `T1/lmr/bx/sc' by 
(spanish)                faked small caps on input line 2.

LaTeX Font Info:    External font `lmex10' loaded for size
(Font)              <10> on input line 5.
LaTeX Font Info:    External font `lmex10' loaded for size
(Font)              <7> on input line 5.
LaTeX Font Info:    External font `lmex10' loaded for size
(Font)              <5> on input line 5.
)
\tf@toc=\write5
\openout5 = `Tesis.toc'.

 [1

] [2

] (./Tesis.lof
LaTeX Font Info:    External font `lmex10' loaded for size
(Font)              <9> on input line 6.

Overfull \hbox (7.52779pt too wide) in paragraph at lines 6--6
 \T1/lmr/m/n/9 número de co-or-di-nación igual a nueve. $[]$Pseudopotencial Lar
go (Dolg \T1/lmr/m/it/9 et al.\T1/lmr/m/n/9 , 1989). $[]$Pseudopotencial 
 []

)
\tf@lof=\write6
\openout6 = `Tesis.lof'.

 [3

] [4

] (./Tesis.lot)
\tf@lot=\write7
\openout7 = `Tesis.lot'.

 (../Introduccion/capituloIntroduccion.tex [1

] [2

]
Cap\'{\i }tulo 1.
(../Introduccion/antecedente3TXT.tex
Underfull \vbox (badness 3646) has occurred while \output is active []

 [3]
[4]

LaTeX Warning: Command \r invalid in math mode on input line 151.

[5]) (../Introduccion/objetivosTXT.tex
Underfull \vbox (badness 5359) has occurred while \output is active []

 [6])
[7]) (../SistemaFisico/capituloSistemaFisico.tex [8

]
Cap\'{\i }tulo 2.
LaTeX Font Info:    External font `lmex10' loaded for size
(Font)              <24.88> on input line 1.
LaTeX Font Info:    External font `lmex10' loaded for size
(Font)              <20.74> on input line 1.
LaTeX Font Info:    External font `lmex10' loaded for size
(Font)              <17.28> on input line 1.
(../SistemaFisico/Lantanidos/lantanidos.tex

LaTeX Warning: `!h' float specifier changed to `!ht'.

[9]) (../SistemaFisico/Agua/agua.tex
Underfull \vbox (badness 10000) has occurred while \output is active []

 [10]
[11]) (../SistemaFisico/Hidrata/Ohtaki.tex [12])
(../SistemaFisico/Hidrata/Helm.tex)
(../SistemaFisico/Observables/observables.tex
Underfull \vbox (badness 10000) has occurred while \output is active []

 [13]
(./tablaDatExp.tex)

LaTeX Warning: `!h' float specifier changed to `!ht'.

) [14]) (../Metodologia/capituloMetodologia.tex [15] [16

]
Cap\'{\i }tulo 3.
(../Metodologia/HF/Dolg.tex
Underfull \vbox (badness 6380) has occurred while \output is active []

 [17]
[18] [19]) (../Metodologia/Pseudopotenciale/pseudo_Dolg.tex [20]
Underfull \vbox (badness 10000) has occurred while \output is active []

 [21]
(../Metodologia/Bases/Yang.tex [22])) (../Metodologia/MP2/mp2TXT.tex [23]
[24]) (../Metodologia/PCM/pcm.tex [25] [26]) (../Metodologia/AG/agTXT.tex
[27] [28] [29]) [30]) (../Resultados/capituloResultados.tex
Cap\'{\i }tulo 4.
(../Resultados/resultadosTXT.tex
Underfull \vbox (badness 2269) has occurred while \output is active []

 [31

]
File: Graficas/lnO9dist2.ps Graphic file (type eps)

<Graficas/lnO9dist2.ps>
File: Graficas/lnO9dist3.ps Graphic file (type eps)
 <Graficas/lnO9dist3.ps>
Underfull \vbox (badness 1460) has occurred while \output is active []

 [32]
(./Tablas/tablaDistancia.tex
Overfull \hbox (2.11871pt too wide) in paragraph at lines 9--9
[]\T1/lmr/m/n/10 2.6628(9+0)| 
 []


Overfull \hbox (2.11871pt too wide) in paragraph at lines 9--9
[]\T1/lmr/m/n/10 2.6196(9+0)| 
 []


Overfull \hbox (2.11871pt too wide) in paragraph at lines 9--9
[]\T1/lmr/m/n/10 2.5945(9+0)| 
 []


Overfull \hbox (2.11871pt too wide) in paragraph at lines 9--10
[]\T1/lmr/m/n/10 2.5798(9+0)| 
 []


Overfull \hbox (2.11871pt too wide) in paragraph at lines 10--10
[]\T1/lmr/m/n/10 2.5926(9+0)| 
 []


Overfull \hbox (2.11871pt too wide) in paragraph at lines 15--15
[]\T1/lmr/m/n/10 2.5442(9+0)| 
 []


Overfull \hbox (2.11871pt too wide) in paragraph at lines 15--15
[]\T1/lmr/m/n/10 2.5028(9+0)| 
 []


Overfull \hbox (2.11871pt too wide) in paragraph at lines 15--15
[]\T1/lmr/m/n/10 2.4837(9+0)| 
 []


Overfull \hbox (3.50864pt too wide) in paragraph at lines 15--16
[]\T1/lmr/m/n/10 x.xxxx(9+0)| 
 []


Overfull \hbox (2.11871pt too wide) in paragraph at lines 16--16
[]\T1/lmr/m/n/10 2.4785(9+0)| 
 []


Overfull \hbox (2.11871pt too wide) in paragraph at lines 17--17
[]\T1/lmr/m/n/10 2.4952(8+1)| 
 []


Overfull \hbox (2.11871pt too wide) in paragraph at lines 17--17
[]\T1/lmr/m/n/10 2.4609(8+1)| 
 []


Overfull \hbox (2.11871pt too wide) in paragraph at lines 17--17
[]\T1/lmr/m/n/10 2.4406(8+1)| 
 []


Overfull \hbox (3.50864pt too wide) in paragraph at lines 17--18
[]\T1/lmr/m/n/10 x.xxxx(8+1)| 
 []


Overfull \hbox (2.11871pt too wide) in paragraph at lines 18--18
[]\T1/lmr/m/n/10 2.4389(8+1)| 
 []


Overfull \hbox (2.11871pt too wide) in paragraph at lines 23--23
[]\T1/lmr/m/n/10 2.4057(8+1)| 
 []


Overfull \hbox (2.11871pt too wide) in paragraph at lines 23--23
[]\T1/lmr/m/n/10 2.3737(8+1)| 
 []


Overfull \hbox (2.11871pt too wide) in paragraph at lines 23--23
[]\T1/lmr/m/n/10 2.3595(8+1)| 
 []


Overfull \hbox (6.71594pt too wide) in paragraph at lines 23--24
[]\T1/lmr/m/n/10 2.3252$[]$(8+1)| 
 []


Overfull \hbox (2.11871pt too wide) in paragraph at lines 24--24
[]\T1/lmr/m/n/10 2.3489(8+1)| 
 []


Underfull \vbox (badness 1460) has occurred while \output is active []

 [33])
(./Tablas/tablaDistTXT.tex)

LaTeX Warning: `!h' float specifier changed to `!ht'.


Underfull \vbox (badness 10000) has occurred while \output is active []

 [34]
(./tablasTXT.tex (./Tablas/tablasPCMMP2TXT.tex)

LaTeX Warning: `!h' float specifier changed to `!ht'.

(./Tablas/tablaDEDGPCMTXT.tex) [35] (./Tablas/tablaGHTXT.tex))) [36])
(../Conclusion/capituloConclusion.tex
Cap\'{\i }tulo 5.
(../Conclusion/conclusionTXT.tex
Underfull \vbox (badness 10000) has occurred while \output is active []

 [37

])
[38]) (./Tesis.bbl [39

] [40]) [41] (./Tesis.aux)

LaTeX Font Warning: Some font shapes were not available, defaults substituted.

 )
(\end occurred inside a group at level 2)

### simple group (level 2) entered at line 11 ({)
### simple group (level 1) entered at line 49 ({)
### bottom level 
Here is how much of TeX's memory you used:
 3522 strings out of 495062
 43279 string characters out of 1182643
 102361 words of memory out of 3000000
 6500 multiletter control sequences out of 15000+50000
 117376 words of font info for 89 fonts, out of 3000000 for 9000
 34 hyphenation exceptions out of 8191
 38i,12n,31p,1075b,608s stack positions out of 5000i,500n,10000p,200000b,50000s

Output written on Tesis.dvi (46 pages, 141436 bytes).
