This is pdfTeX, Version 3.1415926-1.40.10 (TeX Live 2009/Debian) (format=latex 2012.7.13)  6 JUN 2013 18:21
entering extended mode
 %&-line parsing enabled.
**resultados.tex
(./resultados.tex
LaTeX2e <2009/09/24>
Babel <v3.8l> and hyphenation patterns for english, usenglishmax, dumylang, noh
yphenation, spanish, galician, catalan, loaded.
(/usr/share/texmf-texlive/tex/latex/base/article.cls
Document Class: article 2007/10/19 v1.4h Standard LaTeX document class
(/usr/share/texmf-texlive/tex/latex/base/size10.clo
File: size10.clo 2007/10/19 v1.4h Standard LaTeX file (size option)
)
\c@part=\count79
\c@section=\count80
\c@subsection=\count81
\c@subsubsection=\count82
\c@paragraph=\count83
\c@subparagraph=\count84
\c@figure=\count85
\c@table=\count86
\abovecaptionskip=\skip41
\belowcaptionskip=\skip42
\bibindent=\dimen102
) (./Resultados.sty
Package: Resultados 
\c@theorem=\count87

\@input{Resultados_pream.aux}
\openout2 = `Resultados_pream.aux'.

(./Resultados_pream.tex
(/usr/share/texmf-texlive/tex/latex/amsfonts/amssymb.sty
Package: amssymb 2009/06/22 v3.00

(/usr/share/texmf-texlive/tex/latex/amsfonts/amsfonts.sty
Package: amsfonts 2009/06/22 v3.00 Basic AMSFonts support
\@emptytoks=\toks14
\symAMSa=\mathgroup4
\symAMSb=\mathgroup5
LaTeX Font Info:    Overwriting math alphabet `\mathfrak' in version `bold'
(Font)                  U/euf/m/n --> U/euf/b/n on input line 96.
))
(/usr/share/texmf-texlive/tex/latex/amsmath/amsmath.sty
Package: amsmath 2000/07/18 v2.13 AMS math features
\@mathmargin=\skip43

For additional information on amsmath, use the `?' option.
(/usr/share/texmf-texlive/tex/latex/amsmath/amstext.sty
Package: amstext 2000/06/29 v2.01

(/usr/share/texmf-texlive/tex/latex/amsmath/amsgen.sty
File: amsgen.sty 1999/11/30 v2.0
\@emptytoks=\toks15
\ex@=\dimen103
))
(/usr/share/texmf-texlive/tex/latex/amsmath/amsbsy.sty
Package: amsbsy 1999/11/29 v1.2d
\pmbraise@=\dimen104
)
(/usr/share/texmf-texlive/tex/latex/amsmath/amsopn.sty
Package: amsopn 1999/12/14 v2.01 operator names
)
\inf@bad=\count88
LaTeX Info: Redefining \frac on input line 211.
\uproot@=\count89
\leftroot@=\count90
LaTeX Info: Redefining \overline on input line 307.
\classnum@=\count91
\DOTSCASE@=\count92
LaTeX Info: Redefining \ldots on input line 379.
LaTeX Info: Redefining \dots on input line 382.
LaTeX Info: Redefining \cdots on input line 467.
\Mathstrutbox@=\box26
\strutbox@=\box27
\big@size=\dimen105
LaTeX Font Info:    Redeclaring font encoding OML on input line 567.
LaTeX Font Info:    Redeclaring font encoding OMS on input line 568.
\macc@depth=\count93
\c@MaxMatrixCols=\count94
\dotsspace@=\muskip10
\c@parentequation=\count95
\dspbrk@lvl=\count96
\tag@help=\toks16
\row@=\count97
\column@=\count98
\maxfields@=\count99
\andhelp@=\toks17
\eqnshift@=\dimen106
\alignsep@=\dimen107
\tagshift@=\dimen108
\tagwidth@=\dimen109
\totwidth@=\dimen110
\lineht@=\dimen111
\@envbody=\toks18
\multlinegap=\skip44
\multlinetaggap=\skip45
\mathdisplay@stack=\toks19
LaTeX Info: Redefining \[ on input line 2666.
LaTeX Info: Redefining \] on input line 2667.
)
(/usr/share/texmf-texlive/tex/latex/graphics/graphicx.sty
Package: graphicx 1999/02/16 v1.0f Enhanced LaTeX Graphics (DPC,SPQR)

(/usr/share/texmf-texlive/tex/latex/graphics/keyval.sty
Package: keyval 1999/03/16 v1.13 key=value parser (DPC)
\KV@toks@=\toks20
)
(/usr/share/texmf-texlive/tex/latex/graphics/graphics.sty
Package: graphics 2009/02/05 v1.0o Standard LaTeX Graphics (DPC,SPQR)

(/usr/share/texmf-texlive/tex/latex/graphics/trig.sty
Package: trig 1999/03/16 v1.09 sin cos tan (DPC)
)
(/etc/texmf/tex/latex/config/graphics.cfg
File: graphics.cfg 2009/08/28 v1.8 graphics configuration of TeX Live
)
Package graphics Info: Driver file: dvips.def on input line 91.

(/usr/share/texmf-texlive/tex/latex/graphics/dvips.def
File: dvips.def 1999/02/16 v3.0i Driver-dependant file (DPC,SPQR)
))
\Gin@req@height=\dimen112
\Gin@req@width=\dimen113
)
(/usr/share/texmf-texlive/tex/latex/subfigure/subfigure.sty
Package: subfigure 2002/03/15 v2.1.5 subfigure package
\subfigtopskip=\skip46
\subfigcapskip=\skip47
\subfigcaptopadj=\dimen114
\subfigbottomskip=\skip48
\subfigcapmargin=\dimen115
\subfiglabelskip=\skip49
\c@subfigure=\count100
\c@lofdepth=\count101
\c@subtable=\count102
\c@lotdepth=\count103

****************************************
* Local config file subfigure.cfg used *
****************************************
(/usr/share/texmf-texlive/tex/latex/subfigure/subfigure.cfg)
\subfig@top=\skip50
\subfig@bottom=\skip51
)
(/usr/share/texmf-texlive/tex/latex/psfrag/psfrag.sty
Package: psfrag 1998/04/11 v3.04 PSfrag (MCG)
\pfg@pcount=\count104
\pfg@scount=\count105
\pfg@temp=\write3
)
(/usr/share/texmf-texlive/tex/latex/graphics/epsfig.sty
Package: epsfig 1999/02/16 v1.7a (e)psfig emulation (SPQR)
\epsfxsize=\dimen116
\epsfysize=\dimen117
)
(/usr/share/texmf-texlive/tex/generic/babel/babel.sty
Package: babel 2008/07/06 v3.8l The Babel package

(/usr/share/texmf-texlive/tex/generic/babel/spanish.ldf
Language: spanish.ldf 2009/01/02 v5.0h Spanish support from the babel system

(/usr/share/texmf-texlive/tex/generic/babel/babel.def
File: babel.def 2008/07/06 v3.8l Babel common definitions
\babel@savecnt=\count106
\U@D=\dimen118
)
\es@datefmt=\count107
\es@quottoks=\toks21
\es@quotdepth=\count108
Package babel Info: Making " an active character on input line 492.
Package babel Info: Making . an active character on input line 585.
Package babel Info: Making < an active character on input line 630.
Package babel Info: Making > an active character on input line 630.
Package babel Info: Making ' an active character on input line 657.
))
(/usr/share/texmf-texlive/tex/latex/base/inputenc.sty
Package: inputenc 2008/03/30 v1.1d Input encoding file
\inpenc@prehook=\toks22
\inpenc@posthook=\toks23

(/usr/share/texmf-texlive/tex/latex/base/latin1.def
File: latin1.def 2008/03/30 v1.1d Input encoding file
))
(/usr/share/texmf-texlive/tex/latex/base/fontenc.sty
Package: fontenc 2005/09/27 v1.99g Standard LaTeX package

(/usr/share/texmf-texlive/tex/latex/base/t1enc.def
File: t1enc.def 2005/09/27 v1.99g Standard LaTeX file
LaTeX Font Info:    Redeclaring font encoding T1 on input line 43.
))
(/usr/share/texmf/tex/latex/lm/lmodern.sty
Package: lmodern 2009/10/30 v1.6 Latin Modern Fonts
LaTeX Font Info:    Overwriting symbol font `operators' in version `normal'
(Font)                  OT1/cmr/m/n --> OT1/lmr/m/n on input line 22.
LaTeX Font Info:    Overwriting symbol font `letters' in version `normal'
(Font)                  OML/cmm/m/it --> OML/lmm/m/it on input line 23.
LaTeX Font Info:    Overwriting symbol font `symbols' in version `normal'
(Font)                  OMS/cmsy/m/n --> OMS/lmsy/m/n on input line 24.
LaTeX Font Info:    Overwriting symbol font `largesymbols' in version `normal'
(Font)                  OMX/cmex/m/n --> OMX/lmex/m/n on input line 25.
LaTeX Font Info:    Overwriting symbol font `operators' in version `bold'
(Font)                  OT1/cmr/bx/n --> OT1/lmr/bx/n on input line 26.
LaTeX Font Info:    Overwriting symbol font `letters' in version `bold'
(Font)                  OML/cmm/b/it --> OML/lmm/b/it on input line 27.
LaTeX Font Info:    Overwriting symbol font `symbols' in version `bold'
(Font)                  OMS/cmsy/b/n --> OMS/lmsy/b/n on input line 28.
LaTeX Font Info:    Overwriting symbol font `largesymbols' in version `bold'
(Font)                  OMX/cmex/m/n --> OMX/lmex/m/n on input line 29.
LaTeX Font Info:    Overwriting math alphabet `\mathbf' in version `normal'
(Font)                  OT1/cmr/bx/n --> OT1/lmr/bx/n on input line 31.
LaTeX Font Info:    Overwriting math alphabet `\mathsf' in version `normal'
(Font)                  OT1/cmss/m/n --> OT1/lmss/m/n on input line 32.
LaTeX Font Info:    Overwriting math alphabet `\mathit' in version `normal'
(Font)                  OT1/cmr/m/it --> OT1/lmr/m/it on input line 33.
LaTeX Font Info:    Overwriting math alphabet `\mathtt' in version `normal'
(Font)                  OT1/cmtt/m/n --> OT1/lmtt/m/n on input line 34.
LaTeX Font Info:    Overwriting math alphabet `\mathbf' in version `bold'
(Font)                  OT1/cmr/bx/n --> OT1/lmr/bx/n on input line 35.
LaTeX Font Info:    Overwriting math alphabet `\mathsf' in version `bold'
(Font)                  OT1/cmss/bx/n --> OT1/lmss/bx/n on input line 36.
LaTeX Font Info:    Overwriting math alphabet `\mathit' in version `bold'
(Font)                  OT1/cmr/bx/it --> OT1/lmr/bx/it on input line 37.
LaTeX Font Info:    Overwriting math alphabet `\mathtt' in version `bold'
(Font)                  OT1/cmtt/m/n --> OT1/lmtt/m/n on input line 38.
)
(/usr/share/texmf-texlive/tex/latex/base/makeidx.sty
Package: makeidx 2000/03/29 v1.0m Standard LaTeX package
)
(/usr/share/texmf-texlive/tex/latex/float/float.sty
Package: float 2001/11/08 v1.3d Float enhancements (AL)
\c@float@type=\count109
\float@exts=\toks24
\float@box=\box28
\@float@everytoks=\toks25
\@floatcapt=\box29
)
(/usr/share/texmf-texlive/tex/latex/tools/tabularx.sty
Package: tabularx 1999/01/07 v2.07 `tabularx' package (DPC)

(/usr/share/texmf-texlive/tex/latex/tools/array.sty
Package: array 2008/09/09 v2.4c Tabular extension package (FMi)
\col@sep=\dimen119
\extrarowheight=\dimen120
\NC@list=\toks26
\extratabsurround=\skip52
\backup@length=\skip53
)
\TX@col@width=\dimen121
\TX@old@table=\dimen122
\TX@old@col=\dimen123
\TX@target=\dimen124
\TX@delta=\dimen125
\TX@cols=\count110
\TX@ftn=\toks27
)
(/usr/share/texmf-texlive/tex/latex/wrapfig/wrapfig.sty
\wrapoverhang=\dimen126
\WF@size=\dimen127
\c@WF@wrappedlines=\count111
\WF@box=\box30
\WF@everypar=\toks28
Package: wrapfig 2003/01/31  v 3.6
)
(/usr/share/texmf-texlive/tex/latex/natbib/natbib.sty
Package: natbib 2009/07/16 8.31 (PWD, AO)
\bibhang=\skip54
\bibsep=\skip55
LaTeX Info: Redefining \cite on input line 694.
\c@NAT@ctr=\count112
)))
\@indexfile=\write4
\openout4 = `resultados.idx'.


Writing index file resultados.idx
(./resultados.aux)
\openout1 = `resultados.aux'.

LaTeX Font Info:    Checking defaults for OML/cmm/m/it on input line 13.
LaTeX Font Info:    ... okay on input line 13.
LaTeX Font Info:    Checking defaults for T1/cmr/m/n on input line 13.
LaTeX Font Info:    ... okay on input line 13.
LaTeX Font Info:    Checking defaults for OT1/cmr/m/n on input line 13.
LaTeX Font Info:    ... okay on input line 13.
LaTeX Font Info:    Checking defaults for OMS/cmsy/m/n on input line 13.
LaTeX Font Info:    ... okay on input line 13.
LaTeX Font Info:    Checking defaults for OMX/cmex/m/n on input line 13.
LaTeX Font Info:    ... okay on input line 13.
LaTeX Font Info:    Checking defaults for U/cmr/m/n on input line 13.
LaTeX Font Info:    ... okay on input line 13.
LaTeX Font Info:    Try loading font information for T1+lmr on input line 13.
 (/usr/share/texmf/tex/latex/lm/t1lmr.fd
File: t1lmr.fd 2009/10/30 v1.6 Font defs for Latin Modern
) (./guionado.tex)
LaTeX Font Info:    Try loading font information for OT1+lmr on input line 15.

(/usr/share/texmf/tex/latex/lm/ot1lmr.fd
File: ot1lmr.fd 2009/10/30 v1.6 Font defs for Latin Modern
)
LaTeX Font Info:    Try loading font information for OML+lmm on input line 15.

(/usr/share/texmf/tex/latex/lm/omllmm.fd
File: omllmm.fd 2009/10/30 v1.6 Font defs for Latin Modern
)
LaTeX Font Info:    Try loading font information for OMS+lmsy on input line 15.


(/usr/share/texmf/tex/latex/lm/omslmsy.fd
File: omslmsy.fd 2009/10/30 v1.6 Font defs for Latin Modern
)
LaTeX Font Info:    Try loading font information for OMX+lmex on input line 15.


(/usr/share/texmf/tex/latex/lm/omxlmex.fd
File: omxlmex.fd 2009/10/30 v1.6 Font defs for Latin Modern
)
LaTeX Font Info:    External font `lmex10' loaded for size
(Font)              <12> on input line 15.
LaTeX Font Info:    External font `lmex10' loaded for size
(Font)              <8> on input line 15.
LaTeX Font Info:    External font `lmex10' loaded for size
(Font)              <6> on input line 15.
LaTeX Font Info:    Try loading font information for U+msa on input line 15.

(/usr/share/texmf-texlive/tex/latex/amsfonts/umsa.fd
File: umsa.fd 2009/06/22 v3.00 AMS symbols A
)
LaTeX Font Info:    Try loading font information for U+msb on input line 15.

(/usr/share/texmf-texlive/tex/latex/amsfonts/umsb.fd
File: umsb.fd 2009/06/22 v3.00 AMS symbols B
) (./resultadosTXT.tex
LaTeX Font Info:    External font `lmex10' loaded for size
(Font)              <10> on input line 20.
LaTeX Font Info:    External font `lmex10' loaded for size
(Font)              <7> on input line 20.
LaTeX Font Info:    External font `lmex10' loaded for size
(Font)              <5> on input line 20.
File: ./Graficas/lnO9dist2.ps Graphic file (type eps)

<./Graficas/lnO9dist2.ps>
LaTeX Font Info:    External font `lmex10' loaded for size
(Font)              <9> on input line 75.


LaTeX Warning: `h' float specifier changed to `ht'.

File: ./Graficas/lnO9dist3.ps Graphic file (type eps)
<./Graficas/lnO9dist3.ps> [1



]

LaTeX Warning: `h' float specifier changed to `ht'.

(../Resultados/tablaDistancia.tex
Overfull \hbox (2.11871pt too wide) in paragraph at lines 9--9
[]|\T1/lmr/m/n/10 2.6628(9+0)| 
 []


Overfull \hbox (2.11871pt too wide) in paragraph at lines 9--9
[]|\T1/lmr/m/n/10 2.6196(9+0)| 
 []


Overfull \hbox (2.11871pt too wide) in paragraph at lines 9--9
[]|\T1/lmr/m/n/10 2.5945(9+0)| 
 []


Overfull \hbox (2.11871pt too wide) in paragraph at lines 9--10
[]|\T1/lmr/m/n/10 2.5798(9+0)| 
 []


Overfull \hbox (2.11871pt too wide) in paragraph at lines 10--10
[]|\T1/lmr/m/n/10 2.5926(9+0)| 
 []


Overfull \hbox (2.11871pt too wide) in paragraph at lines 11--11
[]|\T1/lmr/m/n/10 2.5147(9+0)| 
 []


Overfull \hbox (2.11871pt too wide) in paragraph at lines 11--11
[]|\T1/lmr/m/n/10 2.4958(9+0)| 
 []


Overfull \hbox (2.11871pt too wide) in paragraph at lines 12--12
[]|\T1/lmr/m/n/10 2.4889(9+0)| 
 []


Overfull \hbox (2.11871pt too wide) in paragraph at lines 13--13
[]|\T1/lmr/m/n/10 2.4952(8+1)| 
 []


Overfull \hbox (2.11871pt too wide) in paragraph at lines 13--13
[]|\T1/lmr/m/n/10 2.4756(8+1)| 
 []


Overfull \hbox (2.11871pt too wide) in paragraph at lines 14--14
[]|\T1/lmr/m/n/10 2.4447(8+1)| 
 []


Overfull \hbox (2.11871pt too wide) in paragraph at lines 15--15
[]|\T1/lmr/m/n/10 2.5442(9+0)| 
 []


Overfull \hbox (2.11871pt too wide) in paragraph at lines 15--15
[]|\T1/lmr/m/n/10 2.5028(9+0)| 
 []


Overfull \hbox (2.11871pt too wide) in paragraph at lines 15--15
[]|\T1/lmr/m/n/10 2.4837(9+0)| 
 []


Overfull \hbox (3.50864pt too wide) in paragraph at lines 15--16
[]|\T1/lmr/m/n/10 x.xxxx(9+0)| 
 []


Overfull \hbox (2.11871pt too wide) in paragraph at lines 16--16
[]|\T1/lmr/m/n/10 2.4785(9+0)| 
 []


Overfull \hbox (2.11871pt too wide) in paragraph at lines 17--17
[]|\T1/lmr/m/n/10 2.4952(8+1)| 
 []


Overfull \hbox (2.11871pt too wide) in paragraph at lines 17--17
[]|\T1/lmr/m/n/10 2.4609(8+1)| 
 []


Overfull \hbox (2.11871pt too wide) in paragraph at lines 17--17
[]|\T1/lmr/m/n/10 2.4406(8+1)| 
 []


Overfull \hbox (3.50864pt too wide) in paragraph at lines 17--18
[]|\T1/lmr/m/n/10 x.xxxx(8+1)| 
 []


Overfull \hbox (2.11871pt too wide) in paragraph at lines 18--18
[]|\T1/lmr/m/n/10 2.4389(8+1)| 
 []


Overfull \hbox (2.11871pt too wide) in paragraph at lines 19--19
[]|\T1/lmr/m/n/10 2.4902(9+0)| 
 []


Overfull \hbox (2.11871pt too wide) in paragraph at lines 19--19
[]|\T1/lmr/m/n/10 2.4710(9+0)| 
 []


Overfull \hbox (2.11871pt too wide) in paragraph at lines 20--20
[]|\T1/lmr/m/n/10 2.4581(9+0)| 
 []


Overfull \hbox (2.11871pt too wide) in paragraph at lines 21--21
[]|\T1/lmr/m/n/10 2.4469(8+1)| 
 []


Overfull \hbox (2.11871pt too wide) in paragraph at lines 21--21
[]|\T1/lmr/m/n/10 2.4266(8+1)| 
 []


Overfull \hbox (2.11871pt too wide) in paragraph at lines 22--22
[]|\T1/lmr/m/n/10 2.4276(8+1)| 
 []


Overfull \hbox (2.11871pt too wide) in paragraph at lines 23--23
[]|\T1/lmr/m/n/10 2.4057(8+1)| 
 []


Overfull \hbox (2.11871pt too wide) in paragraph at lines 23--23
[]|\T1/lmr/m/n/10 2.3737(8+1)| 
 []


Overfull \hbox (2.11871pt too wide) in paragraph at lines 23--23
[]|\T1/lmr/m/n/10 2.3595(8+1)| 
 []


Overfull \hbox (6.71594pt too wide) in paragraph at lines 23--24
[]|\T1/lmr/m/n/10 2.3252$[]$(8+1)| 
 []


Overfull \hbox (2.11871pt too wide) in paragraph at lines 24--24
[]|\T1/lmr/m/n/10 2.3489(8+1)| 
 []

) [2] (../Resultados/tablaDifEne.tex

LaTeX Warning: `!h' float specifier changed to `!ht'.

) (../Resultados/tablaSP.tex

LaTeX Warning: `!h' float specifier changed to `!ht'.

) [3] (../Resultados/tablaBin9.tex)
File: ./Graficas/eneBin.ps Graphic file (type eps)
 <./Graficas/eneBin.ps>

LaTeX Warning: `h' float specifier changed to `ht'.

File: ../../CalCua/Calculos/Gd1+0/gdYSeneh.ps Graphic file (type eps)
<../../CalCua/Calculos/Gd1+0/gdYSeneh.ps>

LaTeX Warning: `h' float specifier changed to `ht'.

File: ../../CalCua/Calculos/Lu1+0/luYSeneh.ps Graphic file (type eps)
<../../CalCua/Calculos/Lu1+0/luYSeneh.ps>) [4]

LaTeX Warning: `h' float specifier changed to `ht'.

(./resultados.bbl [5]) [6] (./resultados.aux) ) 
Here is how much of TeX's memory you used:
 3356 strings out of 495000
 40367 string characters out of 1180839
 104949 words of memory out of 3000000
 6421 multiletter control sequences out of 15000+50000
 78268 words of font info for 65 fonts, out of 3000000 for 9000
 60 hyphenation exceptions out of 8191
 38i,12n,32p,1077b,403s stack positions out of 5000i,500n,10000p,200000b,50000s

Output written on resultados.dvi (6 pages, 25816 bytes).
